
[1m[94m============================================================[0m
[1m[94m  AmorE BN254 Server  —  telemetry build[0m
[1m[94m============================================================[0m
[90m[13:57:03.704][0m [96m  Port: /dev/ttyAMA0  Baud: 921600[0m
[90m[13:57:03.704][0m [96m  Honest rounds before malicious switch: 61[0m
[90m[13:57:03.704][0m [96m  Log directory: /home/pi[0m

[90m[13:57:04.005][0m [96m  Sending CMD_READY (mode=honest)[0m

[90m[13:57:04.013][0m [1m[94m── Round 1 ── waiting for CMD_SETUP...[0m
[90m[13:57:04.796][0m [96m  Mode: [92mhonest[0m  |  Computing pairings...[0m
[90m[13:58:18.417][0m [96m  Compute done in 73620.4 ms[0m
[90m[13:58:18.433][0m [96m  CMD_RESULT sent (768 bytes)[0m
[90m[13:58:18.616][0m [92m✓ Honest round 1: accepted by client  (compute=73620.4 ms  rtt=183 ms)[0m

[90m[13:58:18.616][0m [1m[94m── Round 2 ── waiting for CMD_SETUP...[0m
[90m[13:58:18.849][0m [96m  Mode: [92mhonest[0m  |  Computing pairings...[0m
[90m[13:59:32.464][0m [96m  Compute done in 73615.4 ms[0m
[90m[13:59:32.481][0m [96m  CMD_RESULT sent (768 bytes)[0m
[90m[13:59:32.675][0m [92m✓ Honest round 2: accepted by client  (compute=73615.4 ms  rtt=194 ms)[0m

[90m[13:59:32.676][0m [1m[94m── Round 3 ── waiting for CMD_SETUP...[0m
[90m[13:59:32.902][0m [96m  Mode: [92mhonest[0m  |  Computing pairings...[0m
[90m[14:00:46.633][0m [96m  Compute done in 73729.6 ms[0m
[90m[14:00:46.649][0m [96m  CMD_RESULT sent (768 bytes)[0m
[90m[14:00:46.852][0m [92m✓ Honest round 3: accepted by client  (compute=73729.6 ms  rtt=204 ms)[0m

[90m[14:00:46.853][0m [1m[94m── Round 4 ── waiting for CMD_SETUP...[0m
[90m[14:00:47.077][0m [96m  Mode: [92mhonest[0m  |  Computing pairings...[0m
[90m[14:02:00.844][0m [96m  Compute done in 73766.9 ms[0m
[90m[14:02:00.861][0m [96m  CMD_RESULT sent (768 bytes)[0m
[90m[14:02:01.050][0m [92m✓ Honest round 4: accepted by client  (compute=73766.9 ms  rtt=189 ms)[0m

[90m[14:02:01.050][0m [1m[94m── Round 5 ── waiting for CMD_SETUP...[0m
[90m[14:02:01.279][0m [96m  Mode: [92mhonest[0m  |  Computing pairings...[0m
[90m[14:03:14.874][0m [96m  Compute done in 73594.6 ms[0m
[90m[14:03:14.889][0m [96m  CMD_RESULT sent (768 bytes)[0m
[90m[14:03:15.076][0m [92m✓ Honest round 5: accepted by client  (compute=73594.6 ms  rtt=187 ms)[0m

[90m[14:03:15.077][0m [1m[94m── Round 6 ── waiting for CMD_SETUP...[0m
[90m[14:03:15.303][0m [96m  Mode: [92mhonest[0m  |  Computing pairings...[0m
[90m[14:04:29.009][0m [96m  Compute done in 73705.2 ms[0m
[90m[14:04:29.025][0m [96m  CMD_RESULT sent (768 bytes)[0m
[90m[14:04:29.217][0m [92m✓ Honest round 6: accepted by client  (compute=73705.2 ms  rtt=192 ms)[0m

[90m[14:04:29.217][0m [1m[94m── Round 7 ── waiting for CMD_SETUP...[0m
[90m[14:04:29.445][0m [96m  Mode: [92mhonest[0m  |  Computing pairings...[0m
[90m[14:05:42.998][0m [96m  Compute done in 73553.2 ms[0m
[90m[14:05:43.013][0m [96m  CMD_RESULT sent (768 bytes)[0m
[90m[14:05:43.211][0m [92m✓ Honest round 7: accepted by client  (compute=73553.2 ms  rtt=199 ms)[0m

[90m[14:05:43.212][0m [1m[94m── Round 8 ── waiting for CMD_SETUP...[0m
[90m[14:05:43.447][0m [96m  Mode: [92mhonest[0m  |  Computing pairings...[0m
[90m[14:06:57.117][0m [96m  Compute done in 73670.2 ms[0m
[90m[14:06:57.133][0m [96m  CMD_RESULT sent (768 bytes)[0m
[90m[14:06:57.339][0m [92m✓ Honest round 8: accepted by client  (compute=73670.2 ms  rtt=206 ms)[0m

[90m[14:06:57.339][0m [1m[94m── Round 9 ── waiting for CMD_SETUP...[0m
[90m[14:06:57.569][0m [96m  Mode: [92mhonest[0m  |  Computing pairings...[0m
[90m[14:08:11.231][0m [96m  Compute done in 73661.5 ms[0m
[90m[14:08:11.245][0m [96m  CMD_RESULT sent (768 bytes)[0m
[90m[14:08:11.433][0m [92m✓ Honest round 9: accepted by client  (compute=73661.5 ms  rtt=188 ms)[0m

[90m[14:08:11.433][0m [1m[94m── Round 10 ── waiting for CMD_SETUP...[0m
[90m[14:08:11.659][0m [96m  Mode: [92mhonest[0m  |  Computing pairings...[0m
[90m[14:09:25.318][0m [96m  Compute done in 73658.8 ms[0m
[90m[14:09:25.333][0m [96m  CMD_RESULT sent (768 bytes)[0m
[90m[14:09:25.517][0m [92m✓ Honest round 10: accepted by client  (compute=73658.8 ms  rtt=185 ms)[0m

[90m[14:09:25.518][0m [1m[94m── Round 11 ── waiting for CMD_SETUP...[0m
[90m[14:09:25.735][0m [96m  Mode: [92mhonest[0m  |  Computing pairings...[0m
[90m[14:10:39.451][0m [96m  Compute done in 73714.9 ms[0m
[90m[14:10:39.465][0m [96m  CMD_RESULT sent (768 bytes)[0m
[90m[14:10:39.654][0m [92m✓ Honest round 11: accepted by client  (compute=73714.9 ms  rtt=189 ms)[0m

[90m[14:10:39.654][0m [1m[94m── Round 12 ── waiting for CMD_SETUP...[0m
[90m[14:10:39.889][0m [96m  Mode: [92mhonest[0m  |  Computing pairings...[0m
[90m[14:11:53.401][0m [96m  Compute done in 73511.8 ms[0m
[90m[14:11:53.417][0m [96m  CMD_RESULT sent (768 bytes)[0m
[90m[14:11:53.612][0m [92m✓ Honest round 12: accepted by client  (compute=73511.8 ms  rtt=195 ms)[0m

[90m[14:11:53.612][0m [1m[94m── Round 13 ── waiting for CMD_SETUP...[0m
[90m[14:11:53.841][0m [96m  Mode: [92mhonest[0m  |  Computing pairings...[0m
[90m[14:13:07.450][0m [96m  Compute done in 73607.7 ms[0m
[90m[14:13:07.465][0m [96m  CMD_RESULT sent (768 bytes)[0m
[90m[14:13:07.655][0m [92m✓ Honest round 13: accepted by client  (compute=73607.7 ms  rtt=190 ms)[0m

[90m[14:13:07.655][0m [1m[94m── Round 14 ── waiting for CMD_SETUP...[0m
[90m[14:13:07.885][0m [96m  Mode: [92mhonest[0m  |  Computing pairings...[0m
[90m[14:14:21.603][0m [96m  Compute done in 73717.5 ms[0m
[90m[14:14:21.617][0m [96m  CMD_RESULT sent (768 bytes)[0m
[90m[14:14:21.815][0m [92m✓ Honest round 14: accepted by client  (compute=73717.5 ms  rtt=199 ms)[0m

[90m[14:14:21.816][0m [1m[94m── Round 15 ── waiting for CMD_SETUP...[0m
[90m[14:14:22.039][0m [96m  Mode: [92mhonest[0m  |  Computing pairings...[0m
[90m[14:15:35.748][0m [96m  Compute done in 73708.3 ms[0m
[90m[14:15:35.765][0m [96m  CMD_RESULT sent (768 bytes)[0m
[90m[14:15:35.954][0m [92m✓ Honest round 15: accepted by client  (compute=73708.3 ms  rtt=189 ms)[0m

[90m[14:15:35.955][0m [1m[94m── Round 16 ── waiting for CMD_SETUP...[0m
[90m[14:15:36.182][0m [96m  Mode: [92mhonest[0m  |  Computing pairings...[0m
[90m[14:16:49.851][0m [96m  Compute done in 73668.9 ms[0m
[90m[14:16:49.865][0m [96m  CMD_RESULT sent (768 bytes)[0m
[90m[14:16:50.063][0m [92m✓ Honest round 16: accepted by client  (compute=73668.9 ms  rtt=198 ms)[0m

[90m[14:16:50.063][0m [1m[94m── Round 17 ── waiting for CMD_SETUP...[0m
[90m[14:16:50.292][0m [96m  Mode: [92mhonest[0m  |  Computing pairings...[0m
[90m[14:18:04.045][0m [96m  Compute done in 73752.8 ms[0m
[90m[14:18:04.061][0m [96m  CMD_RESULT sent (768 bytes)[0m
[90m[14:18:04.243][0m [92m✓ Honest round 17: accepted by client  (compute=73752.8 ms  rtt=182 ms)[0m

[90m[14:18:04.244][0m [1m[94m── Round 18 ── waiting for CMD_SETUP...[0m
[90m[14:18:04.477][0m [96m  Mode: [92mhonest[0m  |  Computing pairings...[0m
[90m[14:19:18.065][0m [96m  Compute done in 73587.4 ms[0m
[90m[14:19:18.081][0m [96m  CMD_RESULT sent (768 bytes)[0m
[90m[14:19:18.279][0m [92m✓ Honest round 18: accepted by client  (compute=73587.4 ms  rtt=198 ms)[0m

[90m[14:19:18.279][0m [1m[94m── Round 19 ── waiting for CMD_SETUP...[0m
[90m[14:19:18.499][0m [96m  Mode: [92mhonest[0m  |  Computing pairings...[0m
[90m[14:20:32.156][0m [96m  Compute done in 73656.5 ms[0m
[90m[14:20:32.173][0m [96m  CMD_RESULT sent (768 bytes)[0m
[90m[14:20:32.355][0m [92m✓ Honest round 19: accepted by client  (compute=73656.5 ms  rtt=182 ms)[0m

[90m[14:20:32.356][0m [1m[94m── Round 20 ── waiting for CMD_SETUP...[0m
[90m[14:20:32.592][0m [96m  Mode: [92mhonest[0m  |  Computing pairings...[0m
[90m[14:21:46.255][0m [96m  Compute done in 73662.8 ms[0m
[90m[14:21:46.269][0m [96m  CMD_RESULT sent (768 bytes)[0m
[90m[14:21:46.469][0m [92m✓ Honest round 20: accepted by client  (compute=73662.8 ms  rtt=200 ms)[0m

[90m[14:21:46.469][0m [1m[94m── Round 21 ── waiting for CMD_SETUP...[0m
[90m[14:21:46.694][0m [96m  Mode: [92mhonest[0m  |  Computing pairings...[0m
[90m[14:23:00.452][0m [96m  Compute done in 73758.5 ms[0m
[90m[14:23:00.469][0m [96m  CMD_RESULT sent (768 bytes)[0m
[90m[14:23:00.653][0m [92m✓ Honest round 21: accepted by client  (compute=73758.5 ms  rtt=184 ms)[0m

[90m[14:23:00.654][0m [1m[94m── Round 22 ── waiting for CMD_SETUP...[0m
[90m[14:23:00.881][0m [96m  Mode: [92mhonest[0m  |  Computing pairings...[0m
[90m[14:24:14.633][0m [96m  Compute done in 73750.6 ms[0m
[90m[14:24:14.649][0m [96m  CMD_RESULT sent (768 bytes)[0m
[90m[14:24:14.838][0m [92m✓ Honest round 22: accepted by client  (compute=73750.6 ms  rtt=189 ms)[0m

[90m[14:24:14.838][0m [1m[94m── Round 23 ── waiting for CMD_SETUP...[0m
[90m[14:24:15.065][0m [96m  Mode: [92mhonest[0m  |  Computing pairings...[0m
[90m[14:25:28.589][0m [96m  Compute done in 73523.8 ms[0m
[90m[14:25:28.605][0m [96m  CMD_RESULT sent (768 bytes)[0m
[90m[14:25:28.790][0m [92m✓ Honest round 23: accepted by client  (compute=73523.8 ms  rtt=185 ms)[0m

[90m[14:25:28.790][0m [1m[94m── Round 24 ── waiting for CMD_SETUP...[0m
[90m[14:25:29.026][0m [96m  Mode: [92mhonest[0m  |  Computing pairings...[0m
[90m[14:26:42.621][0m [96m  Compute done in 73594.9 ms[0m
[90m[14:26:42.637][0m [96m  CMD_RESULT sent (768 bytes)[0m
[90m[14:26:42.843][0m [92m✓ Honest round 24: accepted by client  (compute=73594.9 ms  rtt=206 ms)[0m

[90m[14:26:42.843][0m [1m[94m── Round 25 ── waiting for CMD_SETUP...[0m
[90m[14:26:43.075][0m [96m  Mode: [92mhonest[0m  |  Computing pairings...[0m
[90m[14:27:56.785][0m [96m  Compute done in 73710.2 ms[0m
[90m[14:27:56.801][0m [96m  CMD_RESULT sent (768 bytes)[0m
[90m[14:27:57.002][0m [92m✓ Honest round 25: accepted by client  (compute=73710.2 ms  rtt=201 ms)[0m

[90m[14:27:57.003][0m [1m[94m── Round 26 ── waiting for CMD_SETUP...[0m
[90m[14:27:57.234][0m [96m  Mode: [92mhonest[0m  |  Computing pairings...[0m
[90m[14:29:10.965][0m [96m  Compute done in 73730.6 ms[0m
[90m[14:29:10.981][0m [96m  CMD_RESULT sent (768 bytes)[0m
[90m[14:29:11.168][0m [92m✓ Honest round 26: accepted by client  (compute=73730.6 ms  rtt=187 ms)[0m

[90m[14:29:11.169][0m [1m[94m── Round 27 ── waiting for CMD_SETUP...[0m
[90m[14:29:11.400][0m [96m  Mode: [92mhonest[0m  |  Computing pairings...[0m
[90m[14:30:25.065][0m [96m  Compute done in 73664.9 ms[0m
[90m[14:30:25.081][0m [96m  CMD_RESULT sent (768 bytes)[0m
[90m[14:30:25.276][0m [92m✓ Honest round 27: accepted by client  (compute=73664.9 ms  rtt=195 ms)[0m

[90m[14:30:25.276][0m [1m[94m── Round 28 ── waiting for CMD_SETUP...[0m
[90m[14:30:25.509][0m [96m  Mode: [92mhonest[0m  |  Computing pairings...[0m
[90m[14:31:39.234][0m [96m  Compute done in 73724.9 ms[0m
[90m[14:31:39.249][0m [96m  CMD_RESULT sent (768 bytes)[0m
[90m[14:31:39.452][0m [92m✓ Honest round 28: accepted by client  (compute=73724.9 ms  rtt=204 ms)[0m

[90m[14:31:39.453][0m [1m[94m── Round 29 ── waiting for CMD_SETUP...[0m
[90m[14:31:39.681][0m [96m  Mode: [92mhonest[0m  |  Computing pairings...[0m
[90m[14:32:53.210][0m [96m  Compute done in 73528.8 ms[0m
[90m[14:32:53.225][0m [96m  CMD_RESULT sent (768 bytes)[0m
[90m[14:32:53.427][0m [92m✓ Honest round 29: accepted by client  (compute=73528.8 ms  rtt=202 ms)[0m

[90m[14:32:53.428][0m [1m[94m── Round 30 ── waiting for CMD_SETUP...[0m
[90m[14:32:53.653][0m [96m  Mode: [92mhonest[0m  |  Computing pairings...[0m
[90m[14:34:07.362][0m [96m  Compute done in 73708.8 ms[0m
[90m[14:34:07.377][0m [96m  CMD_RESULT sent (768 bytes)[0m
[90m[14:34:07.561][0m [92m✓ Honest round 30: accepted by client  (compute=73708.8 ms  rtt=184 ms)[0m

[90m[14:34:07.562][0m [1m[94m── Round 31 ── waiting for CMD_SETUP...[0m
[90m[14:34:07.785][0m [96m  Mode: [92mhonest[0m  |  Computing pairings...[0m
[90m[14:35:21.446][0m [96m  Compute done in 73660.8 ms[0m
[90m[14:35:21.461][0m [96m  CMD_RESULT sent (768 bytes)[0m
[90m[14:35:21.647][0m [92m✓ Honest round 31: accepted by client  (compute=73660.8 ms  rtt=186 ms)[0m

[90m[14:35:21.647][0m [1m[94m── Round 32 ── waiting for CMD_SETUP...[0m
[90m[14:35:21.875][0m [96m  Mode: [92mhonest[0m  |  Computing pairings...[0m
[90m[14:36:35.594][0m [96m  Compute done in 73718.4 ms[0m
[90m[14:36:35.609][0m [96m  CMD_RESULT sent (768 bytes)[0m
[90m[14:36:35.812][0m [92m✓ Honest round 32: accepted by client  (compute=73718.4 ms  rtt=203 ms)[0m

[90m[14:36:35.812][0m [1m[94m── Round 33 ── waiting for CMD_SETUP...[0m
[90m[14:36:36.040][0m [96m  Mode: [92mhonest[0m  |  Computing pairings...[0m
[90m[14:37:49.762][0m [96m  Compute done in 73721.8 ms[0m
[90m[14:37:49.777][0m [96m  CMD_RESULT sent (768 bytes)[0m
[90m[14:37:49.970][0m [92m✓ Honest round 33: accepted by client  (compute=73721.8 ms  rtt=193 ms)[0m

[90m[14:37:49.970][0m [1m[94m── Round 34 ── waiting for CMD_SETUP...[0m
[90m[14:37:50.204][0m [96m  Mode: [92mhonest[0m  |  Computing pairings...[0m
[90m[14:39:03.697][0m [96m  Compute done in 73492.6 ms[0m
[90m[14:39:03.713][0m [96m  CMD_RESULT sent (768 bytes)[0m
[90m[14:39:03.910][0m [92m✓ Honest round 34: accepted by client  (compute=73492.6 ms  rtt=197 ms)[0m

[90m[14:39:03.910][0m [1m[94m── Round 35 ── waiting for CMD_SETUP...[0m
[90m[14:39:04.140][0m [96m  Mode: [92mhonest[0m  |  Computing pairings...[0m
[90m[14:40:17.833][0m [96m  Compute done in 73692.4 ms[0m
[90m[14:40:17.849][0m [96m  CMD_RESULT sent (768 bytes)[0m
[90m[14:40:18.033][0m [92m✓ Honest round 35: accepted by client  (compute=73692.4 ms  rtt=184 ms)[0m

[90m[14:40:18.034][0m [1m[94m── Round 36 ── waiting for CMD_SETUP...[0m
[90m[14:40:18.260][0m [96m  Mode: [92mhonest[0m  |  Computing pairings...[0m
[90m[14:41:31.960][0m [96m  Compute done in 73700.1 ms[0m
[90m[14:41:31.977][0m [96m  CMD_RESULT sent (768 bytes)[0m
[90m[14:41:32.165][0m [92m✓ Honest round 36: accepted by client  (compute=73700.1 ms  rtt=189 ms)[0m

[90m[14:41:32.166][0m [1m[94m── Round 37 ── waiting for CMD_SETUP...[0m
[90m[14:41:32.396][0m [96m  Mode: [92mhonest[0m  |  Computing pairings...[0m
[90m[14:42:46.071][0m [96m  Compute done in 73675.2 ms[0m
[90m[14:42:46.085][0m [96m  CMD_RESULT sent (768 bytes)[0m
[90m[14:42:46.273][0m [92m✓ Honest round 37: accepted by client  (compute=73675.2 ms  rtt=188 ms)[0m

[90m[14:42:46.273][0m [1m[94m── Round 38 ── waiting for CMD_SETUP...[0m
[90m[14:42:46.504][0m [96m  Mode: [92mhonest[0m  |  Computing pairings...[0m
[90m[14:44:00.167][0m [96m  Compute done in 73662.3 ms[0m
[90m[14:44:00.181][0m [96m  CMD_RESULT sent (768 bytes)[0m
[90m[14:44:00.370][0m [92m✓ Honest round 38: accepted by client  (compute=73662.3 ms  rtt=190 ms)[0m

[90m[14:44:00.371][0m [1m[94m── Round 39 ── waiting for CMD_SETUP...[0m
[90m[14:44:00.603][0m [96m  Mode: [92mhonest[0m  |  Computing pairings...[0m
[90m[14:45:14.361][0m [96m  Compute done in 73758.1 ms[0m
[90m[14:45:14.377][0m [96m  CMD_RESULT sent (768 bytes)[0m
[90m[14:45:14.569][0m [92m✓ Honest round 39: accepted by client  (compute=73758.1 ms  rtt=192 ms)[0m

[90m[14:45:14.569][0m [1m[94m── Round 40 ── waiting for CMD_SETUP...[0m
[90m[14:45:14.801][0m [96m  Mode: [92mhonest[0m  |  Computing pairings...[0m
[90m[14:46:28.363][0m [96m  Compute done in 73562.0 ms[0m
[90m[14:46:28.377][0m [96m  CMD_RESULT sent (768 bytes)[0m
[90m[14:46:28.574][0m [92m✓ Honest round 40: accepted by client  (compute=73562.0 ms  rtt=197 ms)[0m

[90m[14:46:28.575][0m [1m[94m── Round 41 ── waiting for CMD_SETUP...[0m
[90m[14:46:28.808][0m [96m  Mode: [92mhonest[0m  |  Computing pairings...[0m
[90m[14:47:42.486][0m [96m  Compute done in 73677.7 ms[0m
[90m[14:47:42.501][0m [96m  CMD_RESULT sent (768 bytes)[0m
[90m[14:47:42.700][0m [92m✓ Honest round 41: accepted by client  (compute=73677.7 ms  rtt=199 ms)[0m

[90m[14:47:42.700][0m [1m[94m── Round 42 ── waiting for CMD_SETUP...[0m
[90m[14:47:42.938][0m [96m  Mode: [92mhonest[0m  |  Computing pairings...[0m
[90m[14:48:56.608][0m [96m  Compute done in 73668.8 ms[0m
[90m[14:48:56.625][0m [96m  CMD_RESULT sent (768 bytes)[0m
[90m[14:48:56.824][0m [92m✓ Honest round 42: accepted by client  (compute=73668.8 ms  rtt=200 ms)[0m

[90m[14:48:56.825][0m [1m[94m── Round 43 ── waiting for CMD_SETUP...[0m
[90m[14:48:57.061][0m [96m  Mode: [92mhonest[0m  |  Computing pairings...[0m
[90m[14:50:10.832][0m [96m  Compute done in 73770.2 ms[0m
[90m[14:50:10.849][0m [96m  CMD_RESULT sent (768 bytes)[0m
[90m[14:50:11.041][0m [92m✓ Honest round 43: accepted by client  (compute=73770.2 ms  rtt=192 ms)[0m

[90m[14:50:11.042][0m [1m[94m── Round 44 ── waiting for CMD_SETUP...[0m
[90m[14:50:11.273][0m [96m  Mode: [92mhonest[0m  |  Computing pairings...[0m
[90m[14:51:24.994][0m [96m  Compute done in 73720.5 ms[0m
[90m[14:51:25.009][0m [96m  CMD_RESULT sent (768 bytes)[0m
[90m[14:51:25.219][0m [92m✓ Honest round 44: accepted by client  (compute=73720.5 ms  rtt=211 ms)[0m

[90m[14:51:25.220][0m [1m[94m── Round 45 ── waiting for CMD_SETUP...[0m
[90m[14:51:25.455][0m [96m  Mode: [92mhonest[0m  |  Computing pairings...[0m
[90m[14:52:38.993][0m [96m  Compute done in 73537.2 ms[0m
[90m[14:52:39.009][0m [96m  CMD_RESULT sent (768 bytes)[0m
[90m[14:52:39.212][0m [92m✓ Honest round 45: accepted by client  (compute=73537.2 ms  rtt=203 ms)[0m

[90m[14:52:39.213][0m [1m[94m── Round 46 ── waiting for CMD_SETUP...[0m
[90m[14:52:39.431][0m [96m  Mode: [92mhonest[0m  |  Computing pairings...[0m
[90m[14:53:53.095][0m [96m  Compute done in 73663.6 ms[0m
[90m[14:53:53.109][0m [96m  CMD_RESULT sent (768 bytes)[0m
[90m[14:53:53.298][0m [92m✓ Honest round 46: accepted by client  (compute=73663.6 ms  rtt=189 ms)[0m

[90m[14:53:53.299][0m [1m[94m── Round 47 ── waiting for CMD_SETUP...[0m
[90m[14:53:53.524][0m [96m  Mode: [92mhonest[0m  |  Computing pairings...[0m
[90m[14:55:07.297][0m [96m  Compute done in 73772.9 ms[0m
[90m[14:55:07.313][0m [96m  CMD_RESULT sent (768 bytes)[0m
[90m[14:55:07.509][0m [92m✓ Honest round 47: accepted by client  (compute=73772.9 ms  rtt=196 ms)[0m

[90m[14:55:07.509][0m [1m[94m── Round 48 ── waiting for CMD_SETUP...[0m
[90m[14:55:07.737][0m [96m  Mode: [92mhonest[0m  |  Computing pairings...[0m
[90m[14:56:21.453][0m [96m  Compute done in 73715.5 ms[0m
[90m[14:56:21.469][0m [96m  CMD_RESULT sent (768 bytes)[0m
[90m[14:56:21.662][0m [92m✓ Honest round 48: accepted by client  (compute=73715.5 ms  rtt=193 ms)[0m

[90m[14:56:21.663][0m [1m[94m── Round 49 ── waiting for CMD_SETUP...[0m
[90m[14:56:21.888][0m [96m  Mode: [92mhonest[0m  |  Computing pairings...[0m
[90m[14:57:35.527][0m [96m  Compute done in 73638.6 ms[0m
[90m[14:57:35.541][0m [96m  CMD_RESULT sent (768 bytes)[0m
[90m[14:57:35.737][0m [92m✓ Honest round 49: accepted by client  (compute=73638.6 ms  rtt=197 ms)[0m

[90m[14:57:35.738][0m [1m[94m── Round 50 ── waiting for CMD_SETUP...[0m
[90m[14:57:35.963][0m [96m  Mode: [92mhonest[0m  |  Computing pairings...[0m
[90m[14:58:49.694][0m [96m  Compute done in 73730.7 ms[0m
[90m[14:58:49.709][0m [96m  CMD_RESULT sent (768 bytes)[0m
[90m[14:58:49.908][0m [92m✓ Honest round 50: accepted by client  (compute=73730.7 ms  rtt=199 ms)[0m

[90m[14:58:49.909][0m [1m[94m── Round 51 ── waiting for CMD_SETUP...[0m
[90m[14:58:50.134][0m [96m  Mode: [92mhonest[0m  |  Computing pairings...[0m
[90m[15:00:03.711][0m [96m  Compute done in 73576.1 ms[0m
[90m[15:00:03.725][0m [96m  CMD_RESULT sent (768 bytes)[0m
[90m[15:00:03.906][0m [92m✓ Honest round 51: accepted by client  (compute=73576.1 ms  rtt=182 ms)[0m

[90m[15:00:03.907][0m [1m[94m── Round 52 ── waiting for CMD_SETUP...[0m
[90m[15:00:04.135][0m [96m  Mode: [92mhonest[0m  |  Computing pairings...[0m
[90m[15:01:17.816][0m [96m  Compute done in 73680.1 ms[0m
[90m[15:01:17.833][0m [96m  CMD_RESULT sent (768 bytes)[0m
[90m[15:01:18.022][0m [92m✓ Honest round 52: accepted by client  (compute=73680.1 ms  rtt=189 ms)[0m

[90m[15:01:18.022][0m [1m[94m── Round 53 ── waiting for CMD_SETUP...[0m
[90m[15:01:18.250][0m [96m  Mode: [92mhonest[0m  |  Computing pairings...[0m
[90m[15:02:31.867][0m [96m  Compute done in 73617.5 ms[0m
[90m[15:02:31.881][0m [96m  CMD_RESULT sent (768 bytes)[0m
[90m[15:02:32.069][0m [92m✓ Honest round 53: accepted by client  (compute=73617.5 ms  rtt=188 ms)[0m

[90m[15:02:32.070][0m [1m[94m── Round 54 ── waiting for CMD_SETUP...[0m
[90m[15:02:32.300][0m [96m  Mode: [92mhonest[0m  |  Computing pairings...[0m
[90m[15:03:46.057][0m [96m  Compute done in 73756.7 ms[0m
[90m[15:03:46.073][0m [96m  CMD_RESULT sent (768 bytes)[0m
[90m[15:03:46.262][0m [92m✓ Honest round 54: accepted by client  (compute=73756.7 ms  rtt=189 ms)[0m

[90m[15:03:46.262][0m [1m[94m── Round 55 ── waiting for CMD_SETUP...[0m
[90m[15:03:46.492][0m [96m  Mode: [92mhonest[0m  |  Computing pairings...[0m
[90m[15:05:00.198][0m [96m  Compute done in 73705.9 ms[0m
[90m[15:05:00.213][0m [96m  CMD_RESULT sent (768 bytes)[0m
[90m[15:05:00.407][0m [92m✓ Honest round 55: accepted by client  (compute=73705.9 ms  rtt=195 ms)[0m

[90m[15:05:00.408][0m [1m[94m── Round 56 ── waiting for CMD_SETUP...[0m
[90m[15:05:00.646][0m [96m  Mode: [92mhonest[0m  |  Computing pairings...[0m
[90m[15:06:14.228][0m [96m  Compute done in 73581.8 ms[0m
[90m[15:06:14.245][0m [96m  CMD_RESULT sent (768 bytes)[0m
[90m[15:06:14.448][0m [92m✓ Honest round 56: accepted by client  (compute=73581.8 ms  rtt=203 ms)[0m

[90m[15:06:14.448][0m [1m[94m── Round 57 ── waiting for CMD_SETUP...[0m
[90m[15:06:14.674][0m [96m  Mode: [92mhonest[0m  |  Computing pairings...[0m
[90m[15:07:28.374][0m [96m  Compute done in 73699.9 ms[0m
[90m[15:07:28.389][0m [96m  CMD_RESULT sent (768 bytes)[0m
[90m[15:07:28.582][0m [92m✓ Honest round 57: accepted by client  (compute=73699.9 ms  rtt=193 ms)[0m

[90m[15:07:28.583][0m [1m[94m── Round 58 ── waiting for CMD_SETUP...[0m
[90m[15:07:28.810][0m [96m  Mode: [92mhonest[0m  |  Computing pairings...[0m
[90m[15:08:42.711][0m [96m  Compute done in 73900.6 ms[0m
[90m[15:08:42.725][0m [96m  CMD_RESULT sent (768 bytes)[0m
[90m[15:08:42.917][0m [92m✓ Honest round 58: accepted by client  (compute=73900.6 ms  rtt=193 ms)[0m

[90m[15:08:42.918][0m [1m[94m── Round 59 ── waiting for CMD_SETUP...[0m
[90m[15:08:43.148][0m [96m  Mode: [92mhonest[0m  |  Computing pairings...[0m
[90m[15:09:56.924][0m [96m  Compute done in 73775.7 ms[0m
[90m[15:09:56.941][0m [96m  CMD_RESULT sent (768 bytes)[0m
[90m[15:09:57.141][0m [92m✓ Honest round 59: accepted by client  (compute=73775.7 ms  rtt=200 ms)[0m

[90m[15:09:57.141][0m [1m[94m── Round 60 ── waiting for CMD_SETUP...[0m
[90m[15:09:57.365][0m [96m  Mode: [92mhonest[0m  |  Computing pairings...[0m
[90m[15:11:11.074][0m [96m  Compute done in 73708.7 ms[0m
[90m[15:11:11.089][0m [96m  CMD_RESULT sent (768 bytes)[0m
[90m[15:11:11.269][0m [92m✓ Honest round 60: accepted by client  (compute=73708.7 ms  rtt=180 ms)[0m

[90m[15:11:11.269][0m [1m[94m── Round 61 ── waiting for CMD_SETUP...[0m
[90m[15:11:11.498][0m [96m  Mode: [92mhonest[0m  |  Computing pairings...[0m
[90m[15:12:25.303][0m [96m  Compute done in 73803.8 ms[0m
[90m[15:12:25.317][0m [96m  CMD_RESULT sent (768 bytes)[0m
[90m[15:12:25.503][0m [92m✓ Honest round 61: accepted by client  (compute=73803.8 ms  rtt=186 ms)[0m

[90m[15:12:25.504][0m [1m[94m── Round 62 ── waiting for CMD_SETUP...[0m
[90m[15:12:25.730][0m [96m  Mode: [95mMALICIOUS[0m  |  Computing pairings...[0m
[90m[15:13:40.885][0m [96m  Compute done in 75154.3 ms[0m
[90m[15:13:40.901][0m [96m  CMD_RESULT sent (768 bytes)[0m
[90m[15:13:41.092][0m [92m✓ Malicious round 62: CORRECTLY REJECTED  (rtt=192 ms)[0m

[90m[15:13:41.093][0m [1m[94m── Round 63 ── waiting for CMD_SETUP...[0m
[90m[15:15:41.256][0m [93m⚠ No more packets for 120s — assuming benchmark complete.[0m

[1m[94m============================================================[0m
[1m[94m  SERVER REPORT[0m
[1m[94m============================================================[0m
  Start : 2026-05-28T13:57:03
  End   : 2026-05-28T15:15:41
  Port  : /dev/ttyAMA0 @ 921600 baud

[1m[94m  Rounds[0m
  Total sent by client : 62
  Honest : [92m✓ 61/61 accepted[0m
  Malicious : [92m✓ 1/1 caught[0m

[1m[94m  Errors[0m
  CRC errors    : 0
  Timeout errors: 0
  Bad CMD       : 0
  Bad length    : 0

[1m[94m  Performance[0m
  Avg server pairing compute : 73699.4 ms / round

[1m[94m  Per-round summary[0m
    #  Mode             Compute    Client  Status      
  ───  ────────────  ──────────  ────────  ────────────
    1  honest          73620.4ms  [92m      OK[0m  
    2  honest          73615.4ms  [92m      OK[0m  
    3  honest          73729.6ms  [92m      OK[0m  
    4  honest          73766.9ms  [92m      OK[0m  
    5  honest          73594.6ms  [92m      OK[0m  
    6  honest          73705.2ms  [92m      OK[0m  
    7  honest          73553.2ms  [92m      OK[0m  
    8  honest          73670.2ms  [92m      OK[0m  
    9  honest          73661.5ms  [92m      OK[0m  
   10  honest          73658.8ms  [92m      OK[0m  
   11  honest          73714.9ms  [92m      OK[0m  
   12  honest          73511.8ms  [92m      OK[0m  
   13  honest          73607.7ms  [92m      OK[0m  
   14  honest          73717.5ms  [92m      OK[0m  
   15  honest          73708.3ms  [92m      OK[0m  
   16  honest          73668.9ms  [92m      OK[0m  
   17  honest          73752.8ms  [92m      OK[0m  
   18  honest          73587.4ms  [92m      OK[0m  
   19  honest          73656.5ms  [92m      OK[0m  
   20  honest          73662.8ms  [92m      OK[0m  
   21  honest          73758.5ms  [92m      OK[0m  
   22  honest          73750.6ms  [92m      OK[0m  
   23  honest          73523.8ms  [92m      OK[0m  
   24  honest          73594.9ms  [92m      OK[0m  
   25  honest          73710.2ms  [92m      OK[0m  
   26  honest          73730.6ms  [92m      OK[0m  
   27  honest          73664.9ms  [92m      OK[0m  
   28  honest          73724.9ms  [92m      OK[0m  
   29  honest          73528.8ms  [92m      OK[0m  
   30  honest          73708.8ms  [92m      OK[0m  
   31  honest          73660.8ms  [92m      OK[0m  
   32  honest          73718.4ms  [92m      OK[0m  
   33  honest          73721.8ms  [92m      OK[0m  
   34  honest          73492.6ms  [92m      OK[0m  
   35  honest          73692.4ms  [92m      OK[0m  
   36  honest          73700.1ms  [92m      OK[0m  
   37  honest          73675.2ms  [92m      OK[0m  
   38  honest          73662.3ms  [92m      OK[0m  
   39  honest          73758.1ms  [92m      OK[0m  
   40  honest          73562.0ms  [92m      OK[0m  
   41  honest          73677.7ms  [92m      OK[0m  
   42  honest          73668.8ms  [92m      OK[0m  
   43  honest          73770.2ms  [92m      OK[0m  
   44  honest          73720.5ms  [92m      OK[0m  
   45  honest          73537.2ms  [92m      OK[0m  
   46  honest          73663.6ms  [92m      OK[0m  
   47  honest          73772.9ms  [92m      OK[0m  
   48  honest          73715.5ms  [92m      OK[0m  
   49  honest          73638.6ms  [92m      OK[0m  
   50  honest          73730.7ms  [92m      OK[0m  
   51  honest          73576.1ms  [92m      OK[0m  
   52  honest          73680.1ms  [92m      OK[0m  
   53  honest          73617.5ms  [92m      OK[0m  
   54  honest          73756.7ms  [92m      OK[0m  
   55  honest          73705.9ms  [92m      OK[0m  
   56  honest          73581.8ms  [92m      OK[0m  
   57  honest          73699.9ms  [92m      OK[0m  
   58  honest          73900.6ms  [92m      OK[0m  
   59  honest          73775.7ms  [92m      OK[0m  
   60  honest          73708.7ms  [92m      OK[0m  
   61  honest          73803.8ms  [92m      OK[0m  
   62  malicious       75154.3ms  [91m    FAIL[0m  

[1m[94m[92m✓ ALL CHECKS PASSED[0m[0m
[1m[94m============================================================[0m

[90m[15:15:41.280][0m [96m  JSON log saved → ./amore_server_20260528_151541.json[0m
