
[1m[94m══ STEP 1: Build ══[0m
[96m  Cleaning build directory (paranoid mode)...[0m
[96m  Build log: logs/build_20260522_221558.log[0m
-- RELIC found at /home/kobi/amore-energy-study/firmware/amore-fw/relic_install — relic_bench.elf target enabled
-- regression_test.elf target enabled
-- Configuring done (0.1s)
-- Generating done (0.0s)
-- Build files have been written to: /home/kobi/amore-energy-study/firmware/amore-fw/build/bls12_381
/usr/lib/gcc/arm-none-eabi/13.2.1/../../../arm-none-eabi/bin/ld: /usr/lib/gcc/arm-none-eabi/13.2.1/../../../arm-none-eabi/lib/thumb/v7e-m+fp/hard/libc_nano.a(libc_a-writer.o): note: the message above does not take linker garbage collection into account
AmorE: generating HEX and BIN
   text	   data	    bss	    dec	    hex	filename
  22084	     20	  35984	  58088	   e2e8	/home/kobi/amore-energy-study/firmware/amore-fw/build/bls12_381/amore_bls12_381.elf
[100%] Built target amore_bls12_381.elf
[92m✓[0m Build complete: build/bls12_381/amore_bls12_381.elf

[1m[94m══ STEP 2: Flash ══[0m
scripts/run_benchmark.sh: line 189: [: 
[1m[94m-1[0m: integer expression expected
[96m  Flash method requested: auto[0m
[96m  Flash method resolved : rpi_swd[0m
[96m  Starting PPK2 source mode @ 3300mV...[0m
[PPK2] ON
[92m✓[0m PPK2 powering STM32 (PID 746940)
[96m  Transferring ELF to RPi: amore_bls12_381.elf[0m
[96m  Flashing via RPi GPIO SWD...[0m
Open On-Chip Debugger 0.12.0+dev-snapshot (2025-07-16-14:06)
Licensed under GNU GPL v2
For bug reports, read
	http://openocd.org/doc/doxygen/bugs.html
Info : BCM2835 GPIO JTAG/SWD bitbang driver
Info : clock speed 1989 kHz
Info : SWD DPIDR 0x2ba01477
Info : [stm32f4x.cpu] Cortex-M4 r0p1 processor detected
Info : [stm32f4x.cpu] target has 6 breakpoints, 4 watchpoints
Info : [stm32f4x.cpu] Examination succeed
Info : [stm32f4x.cpu] starting gdb server on 3333
Info : Listening on port 3333 for gdb connections
[stm32f4x.cpu] halted due to debug-request, current mode: Thread 
xPSR: 0x01000000 pc: 0x08004250 msp: 0x20020000
[stm32f4x.cpu] halted due to debug-request, current mode: Thread 
xPSR: 0x01000000 pc: 0x08004250 msp: 0x20020000
** Programming Started **
Info : device id = 0x101f6413
Info : flash size = 1024 KiB
** Programming Finished **
** Verify Started **
** Verified OK **
** Resetting Target **
shutdown command invoked
[92m✓[0m Flash done via RPi GPIO SWD
[96m  STM32 booting[0m

[1m[94m══ STEP 3: Start server on Raspberry Pi ══[0m
[96m  Using manual override: RPI_HOST=10.164.56.169[0m
[96m  RPi pre-flight: pi@10.164.56.169[0m
[92m✓[0m RPi pre-flight OK
[96m  RPi host       : pi@10.164.56.169[0m
[96m  RPi port       : /dev/ttyAMA0 @ 921600 baud[0m
[96m  Honest rounds  : 61  (N=1 + N=10 + N=50)[0m
[96m  Server log     : logs/server_20260522_221558.log[0m

[96m  Using server.py from ~/amore-bn254-cortex-m4/rpi on the RPi[0m
[96m  Server running on RPi (local PID=747028) — waiting for all rounds...[0m


[1m[94m============================================================[0m
[1m[94m  AmorE BLS12-381 Server  —  telemetry build[0m
[1m[94m============================================================[0m
[90m[21:16:24.085][0m [96m  Port: /dev/ttyAMA0  Baud: 921600[0m
[90m[21:16:24.085][0m [96m  Honest rounds before malicious switch: 10[0m
[90m[21:16:24.085][0m [96m  Log directory: /home/pi[0m

[90m[21:16:24.386][0m [96m  Sending CMD_READY (mode=honest)[0m

[90m[21:16:24.394][0m [1m[94m── Round 1 ── waiting for CMD_SETUP...[0m
[90m[21:16:26.120][0m [96m  Mode: [92mhonest[0m  |  Computing pairings...[0m
[90m[21:17:54.165][0m [96m  Compute done in 88044.6 ms[0m
[90m[21:17:54.186][0m [96m  CMD_RESULT sent (1152 bytes)[0m
[90m[21:17:54.592][0m [92m✓ Honest round 1: accepted by client  (compute=88044.6 ms  rtt=406 ms)[0m

[90m[21:17:54.592][0m [1m[94m── Round 2 ── waiting for CMD_SETUP...[0m
[90m[21:17:55.088][0m [96m  Mode: [92mhonest[0m  |  Computing pairings...[0m
[90m[21:19:22.468][0m [96m  Compute done in 87379.3 ms[0m
[90m[21:19:22.486][0m [96m  CMD_RESULT sent (1152 bytes)[0m
[90m[21:19:22.870][0m [92m✓ Honest round 2: accepted by client  (compute=87379.3 ms  rtt=384 ms)[0m

[90m[21:19:22.871][0m [1m[94m── Round 3 ── waiting for CMD_SETUP...[0m
[90m[21:19:23.362][0m [96m  Mode: [92mhonest[0m  |  Computing pairings...[0m
[90m[21:20:50.438][0m [96m  Compute done in 87075.8 ms[0m
[90m[21:20:50.458][0m [96m  CMD_RESULT sent (1152 bytes)[0m
[90m[21:20:50.880][0m [92m✓ Honest round 3: accepted by client  (compute=87075.8 ms  rtt=422 ms)[0m

[90m[21:20:50.880][0m [1m[94m── Round 4 ── waiting for CMD_SETUP...[0m
[90m[21:20:51.366][0m [96m  Mode: [92mhonest[0m  |  Computing pairings...[0m
[90m[21:22:18.570][0m [96m  Compute done in 87203.6 ms[0m
[90m[21:22:18.590][0m [96m  CMD_RESULT sent (1152 bytes)[0m
[90m[21:22:19.003][0m [92m✓ Honest round 4: accepted by client  (compute=87203.6 ms  rtt=413 ms)[0m

[90m[21:22:19.003][0m [1m[94m── Round 5 ── waiting for CMD_SETUP...[0m
[90m[21:22:19.505][0m [96m  Mode: [92mhonest[0m  |  Computing pairings...[0m
[90m[21:23:46.673][0m [96m  Compute done in 87167.6 ms[0m
[90m[21:23:46.694][0m [96m  CMD_RESULT sent (1152 bytes)[0m
[90m[21:23:47.097][0m [92m✓ Honest round 5: accepted by client  (compute=87167.6 ms  rtt=402 ms)[0m

[90m[21:23:47.097][0m [1m[94m── Round 6 ── waiting for CMD_SETUP...[0m
[90m[21:23:47.591][0m [96m  Mode: [92mhonest[0m  |  Computing pairings...[0m
[90m[21:25:14.832][0m [96m  Compute done in 87241.3 ms[0m
[90m[21:25:14.850][0m [96m  CMD_RESULT sent (1152 bytes)[0m
[90m[21:25:15.232][0m [92m✓ Honest round 6: accepted by client  (compute=87241.3 ms  rtt=382 ms)[0m

[90m[21:25:15.232][0m [1m[94m── Round 7 ── waiting for CMD_SETUP...[0m
[90m[21:25:15.721][0m [96m  Mode: [92mhonest[0m  |  Computing pairings...[0m
[90m[21:26:42.979][0m [96m  Compute done in 87257.9 ms[0m
[90m[21:26:42.998][0m [96m  CMD_RESULT sent (1152 bytes)[0m
[90m[21:26:43.430][0m [92m✓ Honest round 7: accepted by client  (compute=87257.9 ms  rtt=432 ms)[0m

[90m[21:26:43.431][0m [1m[94m── Round 8 ── waiting for CMD_SETUP...[0m
[90m[21:26:43.934][0m [96m  Mode: [92mhonest[0m  |  Computing pairings...[0m
[90m[21:28:11.205][0m [96m  Compute done in 87270.1 ms[0m
[90m[21:28:11.226][0m [96m  CMD_RESULT sent (1152 bytes)[0m
[90m[21:28:11.617][0m [92m✓ Honest round 8: accepted by client  (compute=87270.1 ms  rtt=391 ms)[0m

[90m[21:28:11.617][0m [1m[94m── Round 9 ── waiting for CMD_SETUP...[0m
[90m[21:28:12.109][0m [96m  Mode: [92mhonest[0m  |  Computing pairings...[0m
[90m[21:29:39.438][0m [96m  Compute done in 87329.4 ms[0m
[90m[21:29:39.458][0m [96m  CMD_RESULT sent (1152 bytes)[0m
[90m[21:29:39.886][0m [92m✓ Honest round 9: accepted by client  (compute=87329.4 ms  rtt=428 ms)[0m

[90m[21:29:39.887][0m [1m[94m── Round 10 ── waiting for CMD_SETUP...[0m
[90m[21:29:40.386][0m [96m  Mode: [92mhonest[0m  |  Computing pairings...[0m
[90m[21:31:07.932][0m [96m  Compute done in 87545.8 ms[0m
[90m[21:31:07.950][0m [96m  CMD_RESULT sent (1152 bytes)[0m
[90m[21:31:08.365][0m [92m✓ Honest round 10: accepted by client  (compute=87545.8 ms  rtt=415 ms)[0m

[90m[21:31:08.365][0m [1m[94m── Round 11 ── waiting for CMD_SETUP...[0m
[90m[21:31:08.866][0m [96m  Mode: [95mMALICIOUS[0m  |  Computing pairings...[0m
[90m[21:32:38.554][0m [96m  Compute done in 89687.9 ms[0m
[90m[21:32:38.574][0m [96m  CMD_RESULT sent (1152 bytes)[0m
[90m[21:32:38.987][0m [92m✓ Malicious round 11: CORRECTLY REJECTED  (rtt=413 ms)[0m

[90m[21:32:38.988][0m [1m[94m── Round 12 ── waiting for CMD_SETUP...[0m
[90m[21:34:39.146][0m [93m⚠ No more packets for 120s — assuming benchmark complete.[0m

[1m[94m============================================================[0m
[1m[94m  SERVER REPORT[0m
[1m[94m============================================================[0m
  Start : 2026-05-22T21:16:24
  End   : 2026-05-22T21:34:39
  Port  : /dev/ttyAMA0 @ 921600 baud

[1m[94m  Rounds[0m
  Total sent by client : 11
  Honest : [92m✓ 10/10 accepted[0m
  Malicious : [92m✓ 1/1 caught[0m

[1m[94m  Errors[0m
  CRC errors    : 0
  Timeout errors: 0
  Bad CMD       : 0
  Bad length    : 0

[1m[94m  Performance[0m
  Avg server pairing compute : 87563.9 ms / round

[1m[94m  Per-round summary[0m
    #  Mode             Compute    Client  Status      
  ───  ────────────  ──────────  ────────  ────────────
    1  honest          88044.6ms  [92m      OK[0m  
    2  honest          87379.3ms  [92m      OK[0m  
    3  honest          87075.8ms  [92m      OK[0m  
    4  honest          87203.6ms  [92m      OK[0m  
    5  honest          87167.6ms  [92m      OK[0m  
    6  honest          87241.3ms  [92m      OK[0m  
    7  honest          87257.9ms  [92m      OK[0m  
    8  honest          87270.1ms  [92m      OK[0m  
    9  honest          87329.4ms  [92m      OK[0m  
   10  honest          87545.8ms  [92m      OK[0m  
   11  malicious       89687.9ms  [91m    FAIL[0m  

[1m[94m[92m✓ ALL CHECKS PASSED[0m[0m
[1m[94m============================================================[0m

[90m[21:34:39.155][0m [96m  JSON log saved → ./amore_server_20260522_213439.json[0m

[92m✓[0m Server exited — benchmark complete.

[1m[94m══ STEP 4: STM32 telemetry dump via GDB ══[0m
[96m  GDB_CMD  : gdb-multiarch[0m
[96m  openocd  : /usr/bin/openocd[0m
[96m  ELF      : build/bls12_381/amore_bls12_381.elf[0m

[92m✓[0m GDB found: gdb-multiarch
[92m✓[0m OpenOCD found: /usr/bin/openocd
[92m✓[0m ELF exists: build/bls12_381/amore_bls12_381.elf

[96m  Using RPi as remote OpenOCD for GDB[0m
[96m  Running GDB...[0m

	http://openocd.org/doc/doxygen/bugs.html
DEPRECATED! use 'gdb port', not 'gdb_port'
=== STM32 TELEMETRY DUMP ===
[Identity]
  magic        = 0x00000000  (expected 0xa0aaaa00 = done)
  fw_version   = 0x00020000
  core_mhz     = 168 MHz
[Phase]
  current_phase = 0x14    last_error    = 0x00000010
  error_batch   = 1  (0=N1 1=N10 2=N50 3=sec)
  error_round   = 9
[OneTimeSetup]
  ots_cycles = 200011287  (1190.5 ms @ 168MHz)
  ots_ok     = 1
[Batch N=1]
  sent/recv_ok/verify_ok/verify_fail/uart_err = 1 1 1 0 0
  blind_total  = 85300379 cycles  (507.7 ms)
  verify_total = 69290520 cycles  (412.4 ms)
  amort/round  = 154590899 cycles  (920.2 ms)
[Batch N=10]
  sent/recv_ok/verify_ok/verify_fail/uart_err = 10 10 9 1 0
  blind_total  = 820167822 cycles  (4882.0 ms)
  verify_total = 694368525 cycles  (4133.1 ms)
  amort/round  = 0 cycles  (0.0 ms)
[Batch N=50]
  sent/recv_ok/verify_ok/verify_fail/uart_err = 0 0 0 0 0
  blind_total  = 0 cycles  (0.0 ms)
  verify_total = 0 cycles  (0.0 ms)
  amort/round  = 0 cycles  (0.0 ms)
[Security check]
  sec_sent           = 0
  sec_recv_ok        = 0
  sec_verify_result  = 0  (0=rejected(good), 1=accepted(bug), 2=no-resp)
  security_ok        = 0  (1 = malicious server caught)
[Per-round N=50] (extended telemetry — overflow debug)
  round  0: blind =          0 cyc (   0.0 ms)   verify =          0 cyc (   0.0 ms)
  round  1: blind =          0 cyc (   0.0 ms)   verify =          0 cyc (   0.0 ms)
  round  2: blind =          0 cyc (   0.0 ms)   verify =          0 cyc (   0.0 ms)
  round  3: blind =          0 cyc (   0.0 ms)   verify =          0 cyc (   0.0 ms)
  round  4: blind =          0 cyc (   0.0 ms)   verify =          0 cyc (   0.0 ms)
  round  5: blind =          0 cyc (   0.0 ms)   verify =          0 cyc (   0.0 ms)
  round  6: blind =          0 cyc (   0.0 ms)   verify =          0 cyc (   0.0 ms)
  round  7: blind =          0 cyc (   0.0 ms)   verify =          0 cyc (   0.0 ms)
  round  8: blind =          0 cyc (   0.0 ms)   verify =          0 cyc (   0.0 ms)
  round  9: blind =          0 cyc (   0.0 ms)   verify =          0 cyc (   0.0 ms)
  round 10: blind =          0 cyc (   0.0 ms)   verify =          0 cyc (   0.0 ms)
  round 11: blind =          0 cyc (   0.0 ms)   verify =          0 cyc (   0.0 ms)
  round 12: blind =          0 cyc (   0.0 ms)   verify =          0 cyc (   0.0 ms)
  round 13: blind =          0 cyc (   0.0 ms)   verify =          0 cyc (   0.0 ms)
  round 14: blind =          0 cyc (   0.0 ms)   verify =          0 cyc (   0.0 ms)
  round 15: blind =          0 cyc (   0.0 ms)   verify =          0 cyc (   0.0 ms)
  round 16: blind =          0 cyc (   0.0 ms)   verify =          0 cyc (   0.0 ms)
  round 17: blind =          0 cyc (   0.0 ms)   verify =          0 cyc (   0.0 ms)
  round 18: blind =          0 cyc (   0.0 ms)   verify =          0 cyc (   0.0 ms)
  round 19: blind =          0 cyc (   0.0 ms)   verify =          0 cyc (   0.0 ms)
  round 20: blind =          0 cyc (   0.0 ms)   verify =          0 cyc (   0.0 ms)
  round 21: blind =          0 cyc (   0.0 ms)   verify =          0 cyc (   0.0 ms)
  round 22: blind =          0 cyc (   0.0 ms)   verify =          0 cyc (   0.0 ms)
  round 23: blind =          0 cyc (   0.0 ms)   verify =          0 cyc (   0.0 ms)
  round 24: blind =          0 cyc (   0.0 ms)   verify =          0 cyc (   0.0 ms)
  round 25: blind =          0 cyc (   0.0 ms)   verify =          0 cyc (   0.0 ms)
  round 26: blind =          0 cyc (   0.0 ms)   verify =          0 cyc (   0.0 ms)
  round 27: blind =          0 cyc (   0.0 ms)   verify =          0 cyc (   0.0 ms)
  round 28: blind =          0 cyc (   0.0 ms)   verify =          0 cyc (   0.0 ms)
  round 29: blind =          0 cyc (   0.0 ms)   verify =          0 cyc (   0.0 ms)
  round 30: blind =          0 cyc (   0.0 ms)   verify =          0 cyc (   0.0 ms)
  round 31: blind =          0 cyc (   0.0 ms)   verify =          0 cyc (   0.0 ms)
  round 32: blind =          0 cyc (   0.0 ms)   verify =          0 cyc (   0.0 ms)
  round 33: blind =          0 cyc (   0.0 ms)   verify =          0 cyc (   0.0 ms)
  round 34: blind =          0 cyc (   0.0 ms)   verify =          0 cyc (   0.0 ms)
  round 35: blind =          0 cyc (   0.0 ms)   verify =          0 cyc (   0.0 ms)
  round 36: blind =          0 cyc (   0.0 ms)   verify =          0 cyc (   0.0 ms)
  round 37: blind =          0 cyc (   0.0 ms)   verify =          0 cyc (   0.0 ms)
  round 38: blind =          0 cyc (   0.0 ms)   verify =          0 cyc (   0.0 ms)
  round 39: blind =          0 cyc (   0.0 ms)   verify =          0 cyc (   0.0 ms)
  round 40: blind =          0 cyc (   0.0 ms)   verify =          0 cyc (   0.0 ms)
  round 41: blind =          0 cyc (   0.0 ms)   verify =          0 cyc (   0.0 ms)
  round 42: blind =          0 cyc (   0.0 ms)   verify =          0 cyc (   0.0 ms)
  round 43: blind =          0 cyc (   0.0 ms)   verify =          0 cyc (   0.0 ms)
  round 44: blind =          0 cyc (   0.0 ms)   verify =          0 cyc (   0.0 ms)
  round 45: blind =          0 cyc (   0.0 ms)   verify =          0 cyc (   0.0 ms)
  round 46: blind =          0 cyc (   0.0 ms)   verify =          0 cyc (   0.0 ms)
  round 47: blind =          0 cyc (   0.0 ms)   verify =          0 cyc (   0.0 ms)
  round 48: blind =          0 cyc (   0.0 ms)   verify =          0 cyc (   0.0 ms)
  round 49: blind =          0 cyc (   0.0 ms)   verify =          0 cyc (   0.0 ms)
[Overflow detection]
  overflow_detected = 0  (0 = no overflow during aggregation, 1 = overflow occurred)
  blind_total[2]  raw uint64 = 0  (low32: 0, high32: 0)
  verify_total[2] raw uint64 = 0  (low32: 0, high32: 0)
[Totals]
  total_rounds_sent = 11
  total_verify_ok   = 10
  total_uart_errors = 1
  wall_ms           = 0 ms  (0.0 s)
[Phase ring-log (last events)]
  [ 0] phase=0x14 batch=1 round=   3 cycles=3687601942 extra=0x00000001
  [ 1] phase=0x10 batch=1 round=   4 cycles=3687615316 extra=0x00000000
  [ 2] phase=0x11 batch=1 round=   4 cycles=3769409580 extra=0x00000000
  [ 3] phase=0x12 batch=1 round=   4 cycles=3770459626 extra=0x00000000
  [ 4] phase=0x13 batch=1 round=   4 cycles=1233629726 extra=0x00000000
  [ 5] phase=0x14 batch=1 round=   4 cycles=1298337069 extra=0x00000001
  [ 6] phase=0x10 batch=1 round=   5 cycles=1298350484 extra=0x00000000
  [ 7] phase=0x11 batch=1 round=   5 cycles=1379284187 extra=0x00000000
  [ 8] phase=0x12 batch=1 round=   5 cycles=1380334190 extra=0x00000000
  [ 9] phase=0x13 batch=1 round=   5 cycles=3131181666 extra=0x00000000
  [10] phase=0x14 batch=1 round=   5 cycles=3204538708 extra=0x00000001
  [11] phase=0x10 batch=1 round=   6 cycles=3204552044 extra=0x00000000
  [12] phase=0x11 batch=1 round=   6 cycles=3287994981 extra=0x00000000
  [13] phase=0x12 batch=1 round=   6 cycles=3289044958 extra=0x00000000
  [14] phase=0x13 batch=1 round=   6 cycles=752909898 extra=0x00000000
  [15] phase=0x14 batch=1 round=   6 cycles=819649987 extra=0x00000001
  [16] phase=0x10 batch=1 round=   7 cycles=819663324 extra=0x00000000
  [17] phase=0x11 batch=1 round=   7 cycles=901058836 extra=0x00000000
  [18] phase=0x12 batch=1 round=   7 cycles=902108730 extra=0x00000000
  [19] phase=0x13 batch=1 round=   7 cycles=2676796110 extra=0x00000000
  [20] phase=0x14 batch=1 round=   7 cycles=2749641670 extra=0x00000001
  [21] phase=0x10 batch=1 round=   8 cycles=2749654964 extra=0x00000000
  [22] phase=0x11 batch=1 round=   8 cycles=2832330327 extra=0x00000000
  [23] phase=0x12 batch=1 round=   8 cycles=2833380370 extra=0x00000000
  [24] phase=0x13 batch=1 round=   8 cycles=345579662 extra=0x00000000
  [25] phase=0x14 batch=1 round=   8 cycles=415879814 extra=0x00000001
  [26] phase=0x10 batch=1 round=   9 cycles=415893108 extra=0x00000000
  [27] phase=0x11 batch=1 round=   9 cycles=498876248 extra=0x00000000
  [28] phase=0x12 batch=1 round=   9 cycles=499926302 extra=0x00000000
  [29] phase=0x13 batch=1 round=   9 cycles=2668728286 extra=0x00000000
  [30] phase=0x13 batch=1 round=   9 cycles=2739028506 extra=0x00000010
  [31] phase=0x14 batch=1 round=   9 cycles=2739028524 extra=0x00000000
[Final status]
  status = 0xdead0051  (0x600D0000 = all passed)
=== END STM32 DUMP ===
[92m✓[0m STM32 report → logs/stm_report_20260522_221558.txt

[1m[94m══ STEP 5: Combined report ══[0m

[1m[92m════════════════════════════════════════[0m
[1m[92m  All done.  Reports saved to logs/  [0m
[1m[92m════════════════════════════════════════[0m

[96m  Server log : logs/server_20260522_221558.log[0m
[96m  STM report : logs/stm_report_20260522_221558.txt[0m
[96m  Combined   : logs/combined_report_20260522_221558.txt[0m

[1m[91m  ✗  BENCHMARK FAIL  (status=0xdead0051)[0m
[93m     Check last_error and phase ring-log in logs/stm_report_20260522_221558.txt[0m

[96m  Stopping PPK2...[0m
[PPK2] OFF
